2023-12-30 16:40:14,010:WARNING:C:\Users\nahyu\anaconda3\envs\daesang\lib\site-packages\sklearn\base.py:318: UserWarning:

Trying to unpickle estimator SimpleImputer from version 1.2.0 when using version 1.2.2. This might lead to breaking code or invalid results. Use at your own risk. For more info please refer to:
https://scikit-learn.org/stable/model_persistence.html#security-maintainability-limitations


2023-12-30 16:40:14,010:WARNING:C:\Users\nahyu\anaconda3\envs\daesang\lib\site-packages\sklearn\base.py:318: UserWarning:

Trying to unpickle estimator DecisionTreeRegressor from version 1.2.0 when using version 1.2.2. This might lead to breaking code or invalid results. Use at your own risk. For more info please refer to:
https://scikit-learn.org/stable/model_persistence.html#security-maintainability-limitations


2023-12-30 16:40:14,026:WARNING:C:\Users\nahyu\anaconda3\envs\daesang\lib\site-packages\sklearn\base.py:318: UserWarning:

Trying to unpickle estimator AdaBoostRegressor from version 1.2.0 when using version 1.2.2. This might lead to breaking code or invalid results. Use at your own risk. For more info please refer to:
https://scikit-learn.org/stable/model_persistence.html#security-maintainability-limitations


2023-12-30 16:40:14,576:WARNING:C:\Users\nahyu\anaconda3\envs\daesang\lib\site-packages\pycaret\internal\pipeline.py:145: UserWarning:

Version mismatch:
current: {'deps_info': {'pip': '23.3.1', 'setuptools': '68.2.2', 'pycaret': '3.2.0', 'IPython': '8.18.0', 'ipywidgets': '8.1.1', 'tqdm': '4.66.1', 'numpy': '1.25.2', 'pandas': '1.5.3', 'jinja2': '3.1.2', 'scipy': '1.10.1', 'joblib': '1.3.2', 'sklearn': '1.2.2', 'pyod': '1.1.2', 'imblearn': '0.11.0', 'category_encoders': '2.6.3', 'lightgbm': '4.1.0', 'numba': '0.58.1', 'requests': '2.31.0', 'matplotlib': '3.6.0', 'scikitplot': '0.3.7', 'yellowbrick': '1.5', 'plotly': '5.18.0', 'plotly-resampler': 'Not installed', 'kaleido': '0.2.1', 'schemdraw': '0.15', 'statsmodels': '0.14.0', 'sktime': '0.21.1', 'tbats': '1.1.3', 'pmdarima': '2.0.4', 'psutil': '5.9.5', 'markupsafe': '2.1.3', 'pickle5': 'Not installed', 'cloudpickle': '3.0.0', 'deprecation': '2.1.0', 'xxhash': '3.4.1', 'wurlitzer': 'Not installed'}, 'python': {'version': '3.9.18', 'machine': 'AMD64'}}
pickle: {'deps_info': {'pip': '23.3', 'setuptools': '68.0.0', 'pycaret': '3.2.0', 'IPython': '8.12.2', 'ipywidgets': '8.1.1', 'tqdm': '4.66.1', 'numpy': '1.24.4', 'pandas': '1.5.3', 'jinja2': '3.1.2', 'scipy': '1.10.1', 'joblib': '1.3.2', 'sklearn': '1.2.0', 'pyod': '1.1.2', 'imblearn': '0.11.0', 'category_encoders': '2.6.3', 'lightgbm': '4.1.0', 'numba': '0.58.1', 'requests': '2.31.0', 'matplotlib': '3.6.0', 'scikitplot': '0.3.7', 'yellowbrick': '1.5', 'plotly': '5.18.0', 'plotly-resampler': 'Not installed', 'kaleido': '0.2.1', 'schemdraw': '0.15', 'statsmodels': '0.14.0', 'sktime': '0.21.1', 'tbats': '1.1.3', 'pmdarima': '2.0.4', 'psutil': '5.9.0', 'markupsafe': '2.1.3', 'pickle5': 'Not installed', 'cloudpickle': '3.0.0', 'deprecation': '2.1.0', 'xxhash': '3.4.1', 'wurlitzer': '3.0.3'}, 'python': {'version': '3.8.18', 'machine': 'x86_64'}}


2023-12-30 16:40:14,592:WARNING:C:\Users\nahyu\anaconda3\envs\daesang\lib\site-packages\sklearn\base.py:318: UserWarning:

Trying to unpickle estimator SimpleImputer from version 1.2.0 when using version 1.2.2. This might lead to breaking code or invalid results. Use at your own risk. For more info please refer to:
https://scikit-learn.org/stable/model_persistence.html#security-maintainability-limitations


2023-12-30 16:40:14,592:WARNING:C:\Users\nahyu\anaconda3\envs\daesang\lib\site-packages\sklearn\base.py:318: UserWarning:

Trying to unpickle estimator DummyRegressor from version 1.2.0 when using version 1.2.2. This might lead to breaking code or invalid results. Use at your own risk. For more info please refer to:
https://scikit-learn.org/stable/model_persistence.html#security-maintainability-limitations


2023-12-30 16:40:14,592:WARNING:C:\Users\nahyu\anaconda3\envs\daesang\lib\site-packages\sklearn\base.py:318: UserWarning:

Trying to unpickle estimator DecisionTreeRegressor from version 1.2.0 when using version 1.2.2. This might lead to breaking code or invalid results. Use at your own risk. For more info please refer to:
https://scikit-learn.org/stable/model_persistence.html#security-maintainability-limitations


2023-12-30 16:40:14,626:WARNING:C:\Users\nahyu\anaconda3\envs\daesang\lib\site-packages\sklearn\base.py:318: UserWarning:

Trying to unpickle estimator GradientBoostingRegressor from version 1.2.0 when using version 1.2.2. This might lead to breaking code or invalid results. Use at your own risk. For more info please refer to:
https://scikit-learn.org/stable/model_persistence.html#security-maintainability-limitations


2023-12-30 16:40:14,626:WARNING:C:\Users\nahyu\anaconda3\envs\daesang\lib\site-packages\pycaret\internal\pipeline.py:145: UserWarning:

Version mismatch:
current: {'deps_info': {'pip': '23.3.1', 'setuptools': '68.2.2', 'pycaret': '3.2.0', 'IPython': '8.18.0', 'ipywidgets': '8.1.1', 'tqdm': '4.66.1', 'numpy': '1.25.2', 'pandas': '1.5.3', 'jinja2': '3.1.2', 'scipy': '1.10.1', 'joblib': '1.3.2', 'sklearn': '1.2.2', 'pyod': '1.1.2', 'imblearn': '0.11.0', 'category_encoders': '2.6.3', 'lightgbm': '4.1.0', 'numba': '0.58.1', 'requests': '2.31.0', 'matplotlib': '3.6.0', 'scikitplot': '0.3.7', 'yellowbrick': '1.5', 'plotly': '5.18.0', 'plotly-resampler': 'Not installed', 'kaleido': '0.2.1', 'schemdraw': '0.15', 'statsmodels': '0.14.0', 'sktime': '0.21.1', 'tbats': '1.1.3', 'pmdarima': '2.0.4', 'psutil': '5.9.5', 'markupsafe': '2.1.3', 'pickle5': 'Not installed', 'cloudpickle': '3.0.0', 'deprecation': '2.1.0', 'xxhash': '3.4.1', 'wurlitzer': 'Not installed'}, 'python': {'version': '3.9.18', 'machine': 'AMD64'}}
pickle: {'deps_info': {'pip': '23.3', 'setuptools': '68.0.0', 'pycaret': '3.2.0', 'IPython': '8.12.2', 'ipywidgets': '8.1.1', 'tqdm': '4.66.1', 'numpy': '1.24.4', 'pandas': '1.5.3', 'jinja2': '3.1.2', 'scipy': '1.10.1', 'joblib': '1.3.2', 'sklearn': '1.2.0', 'pyod': '1.1.2', 'imblearn': '0.11.0', 'category_encoders': '2.6.3', 'lightgbm': '4.1.0', 'numba': '0.58.1', 'requests': '2.31.0', 'matplotlib': '3.6.0', 'scikitplot': '0.3.7', 'yellowbrick': '1.5', 'plotly': '5.18.0', 'plotly-resampler': 'Not installed', 'kaleido': '0.2.1', 'schemdraw': '0.15', 'statsmodels': '0.14.0', 'sktime': '0.21.1', 'tbats': '1.1.3', 'pmdarima': '2.0.4', 'psutil': '5.9.0', 'markupsafe': '2.1.3', 'pickle5': 'Not installed', 'cloudpickle': '3.0.0', 'deprecation': '2.1.0', 'xxhash': '3.4.1', 'wurlitzer': '3.0.3'}, 'python': {'version': '3.8.18', 'machine': 'x86_64'}}


2023-12-30 16:40:14,642:WARNING:C:\Users\nahyu\anaconda3\envs\daesang\lib\site-packages\sklearn\base.py:318: UserWarning:

Trying to unpickle estimator SimpleImputer from version 1.2.0 when using version 1.2.2. This might lead to breaking code or invalid results. Use at your own risk. For more info please refer to:
https://scikit-learn.org/stable/model_persistence.html#security-maintainability-limitations


2023-12-30 16:40:14,642:WARNING:C:\Users\nahyu\anaconda3\envs\daesang\lib\site-packages\sklearn\base.py:318: UserWarning:

Trying to unpickle estimator DummyRegressor from version 1.2.0 when using version 1.2.2. This might lead to breaking code or invalid results. Use at your own risk. For more info please refer to:
https://scikit-learn.org/stable/model_persistence.html#security-maintainability-limitations


2023-12-30 16:40:14,642:WARNING:C:\Users\nahyu\anaconda3\envs\daesang\lib\site-packages\sklearn\base.py:318: UserWarning:

Trying to unpickle estimator DecisionTreeRegressor from version 1.2.0 when using version 1.2.2. This might lead to breaking code or invalid results. Use at your own risk. For more info please refer to:
https://scikit-learn.org/stable/model_persistence.html#security-maintainability-limitations


2023-12-30 16:40:14,659:WARNING:C:\Users\nahyu\anaconda3\envs\daesang\lib\site-packages\sklearn\base.py:318: UserWarning:

Trying to unpickle estimator GradientBoostingRegressor from version 1.2.0 when using version 1.2.2. This might lead to breaking code or invalid results. Use at your own risk. For more info please refer to:
https://scikit-learn.org/stable/model_persistence.html#security-maintainability-limitations


2023-12-30 16:40:14,659:WARNING:C:\Users\nahyu\anaconda3\envs\daesang\lib\site-packages\pycaret\internal\pipeline.py:145: UserWarning:

Version mismatch:
current: {'deps_info': {'pip': '23.3.1', 'setuptools': '68.2.2', 'pycaret': '3.2.0', 'IPython': '8.18.0', 'ipywidgets': '8.1.1', 'tqdm': '4.66.1', 'numpy': '1.25.2', 'pandas': '1.5.3', 'jinja2': '3.1.2', 'scipy': '1.10.1', 'joblib': '1.3.2', 'sklearn': '1.2.2', 'pyod': '1.1.2', 'imblearn': '0.11.0', 'category_encoders': '2.6.3', 'lightgbm': '4.1.0', 'numba': '0.58.1', 'requests': '2.31.0', 'matplotlib': '3.6.0', 'scikitplot': '0.3.7', 'yellowbrick': '1.5', 'plotly': '5.18.0', 'plotly-resampler': 'Not installed', 'kaleido': '0.2.1', 'schemdraw': '0.15', 'statsmodels': '0.14.0', 'sktime': '0.21.1', 'tbats': '1.1.3', 'pmdarima': '2.0.4', 'psutil': '5.9.5', 'markupsafe': '2.1.3', 'pickle5': 'Not installed', 'cloudpickle': '3.0.0', 'deprecation': '2.1.0', 'xxhash': '3.4.1', 'wurlitzer': 'Not installed'}, 'python': {'version': '3.9.18', 'machine': 'AMD64'}}
pickle: {'deps_info': {'pip': '23.3', 'setuptools': '68.0.0', 'pycaret': '3.2.0', 'IPython': '8.12.2', 'ipywidgets': '8.1.1', 'tqdm': '4.66.1', 'numpy': '1.24.4', 'pandas': '1.5.3', 'jinja2': '3.1.2', 'scipy': '1.10.1', 'joblib': '1.3.2', 'sklearn': '1.2.0', 'pyod': '1.1.2', 'imblearn': '0.11.0', 'category_encoders': '2.6.3', 'lightgbm': '4.1.0', 'numba': '0.58.1', 'requests': '2.31.0', 'matplotlib': '3.6.0', 'scikitplot': '0.3.7', 'yellowbrick': '1.5', 'plotly': '5.18.0', 'plotly-resampler': 'Not installed', 'kaleido': '0.2.1', 'schemdraw': '0.15', 'statsmodels': '0.14.0', 'sktime': '0.21.1', 'tbats': '1.1.3', 'pmdarima': '2.0.4', 'psutil': '5.9.0', 'markupsafe': '2.1.3', 'pickle5': 'Not installed', 'cloudpickle': '3.0.0', 'deprecation': '2.1.0', 'xxhash': '3.4.1', 'wurlitzer': '3.0.3'}, 'python': {'version': '3.8.18', 'machine': 'x86_64'}}


2024-01-16 12:11:58,755:WARNING:C:\Users\nahyu\anaconda3\envs\daesang\lib\site-packages\sklearn\base.py:318: UserWarning: Trying to unpickle estimator SimpleImputer from version 1.2.0 when using version 1.2.2. This might lead to breaking code or invalid results. Use at your own risk. For more info please refer to:
https://scikit-learn.org/stable/model_persistence.html#security-maintainability-limitations
  warnings.warn(

2024-01-16 12:11:58,755:WARNING:C:\Users\nahyu\anaconda3\envs\daesang\lib\site-packages\sklearn\base.py:318: UserWarning: Trying to unpickle estimator DecisionTreeRegressor from version 1.2.0 when using version 1.2.2. This might lead to breaking code or invalid results. Use at your own risk. For more info please refer to:
https://scikit-learn.org/stable/model_persistence.html#security-maintainability-limitations
  warnings.warn(

2024-01-16 12:11:58,775:WARNING:C:\Users\nahyu\anaconda3\envs\daesang\lib\site-packages\sklearn\base.py:318: UserWarning: Trying to unpickle estimator AdaBoostRegressor from version 1.2.0 when using version 1.2.2. This might lead to breaking code or invalid results. Use at your own risk. For more info please refer to:
https://scikit-learn.org/stable/model_persistence.html#security-maintainability-limitations
  warnings.warn(

2024-01-16 12:11:59,384:WARNING:C:\Users\nahyu\anaconda3\envs\daesang\lib\site-packages\pycaret\internal\pipeline.py:145: UserWarning: Version mismatch:
current: {'deps_info': {'pip': '23.3.1', 'setuptools': '68.2.2', 'pycaret': '3.2.0', 'IPython': '8.18.0', 'ipywidgets': '8.1.1', 'tqdm': '4.66.1', 'numpy': '1.25.2', 'pandas': '1.5.3', 'jinja2': '3.1.2', 'scipy': '1.10.1', 'joblib': '1.3.2', 'sklearn': '1.2.2', 'pyod': '1.1.2', 'imblearn': '0.11.0', 'category_encoders': '2.6.3', 'lightgbm': '4.1.0', 'numba': '0.58.1', 'requests': '2.31.0', 'matplotlib': '3.6.0', 'scikitplot': '0.3.7', 'yellowbrick': '1.5', 'plotly': '5.18.0', 'plotly-resampler': 'Not installed', 'kaleido': '0.2.1', 'schemdraw': '0.15', 'statsmodels': '0.14.0', 'sktime': '0.21.1', 'tbats': '1.1.3', 'pmdarima': '2.0.4', 'psutil': '5.9.5', 'markupsafe': '2.1.3', 'pickle5': 'Not installed', 'cloudpickle': '3.0.0', 'deprecation': '2.1.0', 'xxhash': '3.4.1', 'wurlitzer': 'Not installed'}, 'python': {'version': '3.9.18', 'machine': 'AMD64'}}
pickle: {'deps_info': {'pip': '23.3', 'setuptools': '68.0.0', 'pycaret': '3.2.0', 'IPython': '8.12.2', 'ipywidgets': '8.1.1', 'tqdm': '4.66.1', 'numpy': '1.24.4', 'pandas': '1.5.3', 'jinja2': '3.1.2', 'scipy': '1.10.1', 'joblib': '1.3.2', 'sklearn': '1.2.0', 'pyod': '1.1.2', 'imblearn': '0.11.0', 'category_encoders': '2.6.3', 'lightgbm': '4.1.0', 'numba': '0.58.1', 'requests': '2.31.0', 'matplotlib': '3.6.0', 'scikitplot': '0.3.7', 'yellowbrick': '1.5', 'plotly': '5.18.0', 'plotly-resampler': 'Not installed', 'kaleido': '0.2.1', 'schemdraw': '0.15', 'statsmodels': '0.14.0', 'sktime': '0.21.1', 'tbats': '1.1.3', 'pmdarima': '2.0.4', 'psutil': '5.9.0', 'markupsafe': '2.1.3', 'pickle5': 'Not installed', 'cloudpickle': '3.0.0', 'deprecation': '2.1.0', 'xxhash': '3.4.1', 'wurlitzer': '3.0.3'}, 'python': {'version': '3.8.18', 'machine': 'x86_64'}}
  warnings.warn(

2024-01-16 12:11:59,415:WARNING:C:\Users\nahyu\anaconda3\envs\daesang\lib\site-packages\sklearn\base.py:318: UserWarning: Trying to unpickle estimator SimpleImputer from version 1.2.0 when using version 1.2.2. This might lead to breaking code or invalid results. Use at your own risk. For more info please refer to:
https://scikit-learn.org/stable/model_persistence.html#security-maintainability-limitations
  warnings.warn(

2024-01-16 12:11:59,415:WARNING:C:\Users\nahyu\anaconda3\envs\daesang\lib\site-packages\sklearn\base.py:318: UserWarning: Trying to unpickle estimator DummyRegressor from version 1.2.0 when using version 1.2.2. This might lead to breaking code or invalid results. Use at your own risk. For more info please refer to:
https://scikit-learn.org/stable/model_persistence.html#security-maintainability-limitations
  warnings.warn(

2024-01-16 12:11:59,415:WARNING:C:\Users\nahyu\anaconda3\envs\daesang\lib\site-packages\sklearn\base.py:318: UserWarning: Trying to unpickle estimator DecisionTreeRegressor from version 1.2.0 when using version 1.2.2. This might lead to breaking code or invalid results. Use at your own risk. For more info please refer to:
https://scikit-learn.org/stable/model_persistence.html#security-maintainability-limitations
  warnings.warn(

2024-01-16 12:11:59,431:WARNING:C:\Users\nahyu\anaconda3\envs\daesang\lib\site-packages\sklearn\base.py:318: UserWarning: Trying to unpickle estimator GradientBoostingRegressor from version 1.2.0 when using version 1.2.2. This might lead to breaking code or invalid results. Use at your own risk. For more info please refer to:
https://scikit-learn.org/stable/model_persistence.html#security-maintainability-limitations
  warnings.warn(

2024-01-16 12:11:59,431:WARNING:C:\Users\nahyu\anaconda3\envs\daesang\lib\site-packages\pycaret\internal\pipeline.py:145: UserWarning: Version mismatch:
current: {'deps_info': {'pip': '23.3.1', 'setuptools': '68.2.2', 'pycaret': '3.2.0', 'IPython': '8.18.0', 'ipywidgets': '8.1.1', 'tqdm': '4.66.1', 'numpy': '1.25.2', 'pandas': '1.5.3', 'jinja2': '3.1.2', 'scipy': '1.10.1', 'joblib': '1.3.2', 'sklearn': '1.2.2', 'pyod': '1.1.2', 'imblearn': '0.11.0', 'category_encoders': '2.6.3', 'lightgbm': '4.1.0', 'numba': '0.58.1', 'requests': '2.31.0', 'matplotlib': '3.6.0', 'scikitplot': '0.3.7', 'yellowbrick': '1.5', 'plotly': '5.18.0', 'plotly-resampler': 'Not installed', 'kaleido': '0.2.1', 'schemdraw': '0.15', 'statsmodels': '0.14.0', 'sktime': '0.21.1', 'tbats': '1.1.3', 'pmdarima': '2.0.4', 'psutil': '5.9.5', 'markupsafe': '2.1.3', 'pickle5': 'Not installed', 'cloudpickle': '3.0.0', 'deprecation': '2.1.0', 'xxhash': '3.4.1', 'wurlitzer': 'Not installed'}, 'python': {'version': '3.9.18', 'machine': 'AMD64'}}
pickle: {'deps_info': {'pip': '23.3', 'setuptools': '68.0.0', 'pycaret': '3.2.0', 'IPython': '8.12.2', 'ipywidgets': '8.1.1', 'tqdm': '4.66.1', 'numpy': '1.24.4', 'pandas': '1.5.3', 'jinja2': '3.1.2', 'scipy': '1.10.1', 'joblib': '1.3.2', 'sklearn': '1.2.0', 'pyod': '1.1.2', 'imblearn': '0.11.0', 'category_encoders': '2.6.3', 'lightgbm': '4.1.0', 'numba': '0.58.1', 'requests': '2.31.0', 'matplotlib': '3.6.0', 'scikitplot': '0.3.7', 'yellowbrick': '1.5', 'plotly': '5.18.0', 'plotly-resampler': 'Not installed', 'kaleido': '0.2.1', 'schemdraw': '0.15', 'statsmodels': '0.14.0', 'sktime': '0.21.1', 'tbats': '1.1.3', 'pmdarima': '2.0.4', 'psutil': '5.9.0', 'markupsafe': '2.1.3', 'pickle5': 'Not installed', 'cloudpickle': '3.0.0', 'deprecation': '2.1.0', 'xxhash': '3.4.1', 'wurlitzer': '3.0.3'}, 'python': {'version': '3.8.18', 'machine': 'x86_64'}}
  warnings.warn(

2024-01-16 12:11:59,446:WARNING:C:\Users\nahyu\anaconda3\envs\daesang\lib\site-packages\sklearn\base.py:318: UserWarning: Trying to unpickle estimator SimpleImputer from version 1.2.0 when using version 1.2.2. This might lead to breaking code or invalid results. Use at your own risk. For more info please refer to:
https://scikit-learn.org/stable/model_persistence.html#security-maintainability-limitations
  warnings.warn(

2024-01-16 12:11:59,446:WARNING:C:\Users\nahyu\anaconda3\envs\daesang\lib\site-packages\sklearn\base.py:318: UserWarning: Trying to unpickle estimator DummyRegressor from version 1.2.0 when using version 1.2.2. This might lead to breaking code or invalid results. Use at your own risk. For more info please refer to:
https://scikit-learn.org/stable/model_persistence.html#security-maintainability-limitations
  warnings.warn(

2024-01-16 12:11:59,446:WARNING:C:\Users\nahyu\anaconda3\envs\daesang\lib\site-packages\sklearn\base.py:318: UserWarning: Trying to unpickle estimator DecisionTreeRegressor from version 1.2.0 when using version 1.2.2. This might lead to breaking code or invalid results. Use at your own risk. For more info please refer to:
https://scikit-learn.org/stable/model_persistence.html#security-maintainability-limitations
  warnings.warn(

2024-01-16 12:11:59,462:WARNING:C:\Users\nahyu\anaconda3\envs\daesang\lib\site-packages\sklearn\base.py:318: UserWarning: Trying to unpickle estimator GradientBoostingRegressor from version 1.2.0 when using version 1.2.2. This might lead to breaking code or invalid results. Use at your own risk. For more info please refer to:
https://scikit-learn.org/stable/model_persistence.html#security-maintainability-limitations
  warnings.warn(

2024-01-16 12:11:59,462:WARNING:C:\Users\nahyu\anaconda3\envs\daesang\lib\site-packages\pycaret\internal\pipeline.py:145: UserWarning: Version mismatch:
current: {'deps_info': {'pip': '23.3.1', 'setuptools': '68.2.2', 'pycaret': '3.2.0', 'IPython': '8.18.0', 'ipywidgets': '8.1.1', 'tqdm': '4.66.1', 'numpy': '1.25.2', 'pandas': '1.5.3', 'jinja2': '3.1.2', 'scipy': '1.10.1', 'joblib': '1.3.2', 'sklearn': '1.2.2', 'pyod': '1.1.2', 'imblearn': '0.11.0', 'category_encoders': '2.6.3', 'lightgbm': '4.1.0', 'numba': '0.58.1', 'requests': '2.31.0', 'matplotlib': '3.6.0', 'scikitplot': '0.3.7', 'yellowbrick': '1.5', 'plotly': '5.18.0', 'plotly-resampler': 'Not installed', 'kaleido': '0.2.1', 'schemdraw': '0.15', 'statsmodels': '0.14.0', 'sktime': '0.21.1', 'tbats': '1.1.3', 'pmdarima': '2.0.4', 'psutil': '5.9.5', 'markupsafe': '2.1.3', 'pickle5': 'Not installed', 'cloudpickle': '3.0.0', 'deprecation': '2.1.0', 'xxhash': '3.4.1', 'wurlitzer': 'Not installed'}, 'python': {'version': '3.9.18', 'machine': 'AMD64'}}
pickle: {'deps_info': {'pip': '23.3', 'setuptools': '68.0.0', 'pycaret': '3.2.0', 'IPython': '8.12.2', 'ipywidgets': '8.1.1', 'tqdm': '4.66.1', 'numpy': '1.24.4', 'pandas': '1.5.3', 'jinja2': '3.1.2', 'scipy': '1.10.1', 'joblib': '1.3.2', 'sklearn': '1.2.0', 'pyod': '1.1.2', 'imblearn': '0.11.0', 'category_encoders': '2.6.3', 'lightgbm': '4.1.0', 'numba': '0.58.1', 'requests': '2.31.0', 'matplotlib': '3.6.0', 'scikitplot': '0.3.7', 'yellowbrick': '1.5', 'plotly': '5.18.0', 'plotly-resampler': 'Not installed', 'kaleido': '0.2.1', 'schemdraw': '0.15', 'statsmodels': '0.14.0', 'sktime': '0.21.1', 'tbats': '1.1.3', 'pmdarima': '2.0.4', 'psutil': '5.9.0', 'markupsafe': '2.1.3', 'pickle5': 'Not installed', 'cloudpickle': '3.0.0', 'deprecation': '2.1.0', 'xxhash': '3.4.1', 'wurlitzer': '3.0.3'}, 'python': {'version': '3.8.18', 'machine': 'x86_64'}}
  warnings.warn(

2024-01-16 12:49:39,320:WARNING:C:\Users\nahyu\anaconda3\envs\daesang\lib\site-packages\sklearn\base.py:318: UserWarning: Trying to unpickle estimator SimpleImputer from version 1.2.0 when using version 1.2.2. This might lead to breaking code or invalid results. Use at your own risk. For more info please refer to:
https://scikit-learn.org/stable/model_persistence.html#security-maintainability-limitations
  warnings.warn(

2024-01-16 12:49:39,320:WARNING:C:\Users\nahyu\anaconda3\envs\daesang\lib\site-packages\sklearn\base.py:318: UserWarning: Trying to unpickle estimator DecisionTreeRegressor from version 1.2.0 when using version 1.2.2. This might lead to breaking code or invalid results. Use at your own risk. For more info please refer to:
https://scikit-learn.org/stable/model_persistence.html#security-maintainability-limitations
  warnings.warn(

2024-01-16 12:49:39,333:WARNING:C:\Users\nahyu\anaconda3\envs\daesang\lib\site-packages\sklearn\base.py:318: UserWarning: Trying to unpickle estimator AdaBoostRegressor from version 1.2.0 when using version 1.2.2. This might lead to breaking code or invalid results. Use at your own risk. For more info please refer to:
https://scikit-learn.org/stable/model_persistence.html#security-maintainability-limitations
  warnings.warn(

2024-01-16 12:49:39,334:WARNING:C:\Users\nahyu\anaconda3\envs\daesang\lib\site-packages\pycaret\internal\pipeline.py:145: UserWarning: Version mismatch:
current: {'deps_info': {'pip': '23.3.1', 'setuptools': '68.2.2', 'pycaret': '3.2.0', 'IPython': '8.18.0', 'ipywidgets': '8.1.1', 'tqdm': '4.66.1', 'numpy': '1.25.2', 'pandas': '1.5.3', 'jinja2': '3.1.2', 'scipy': '1.10.1', 'joblib': '1.3.2', 'sklearn': '1.2.2', 'pyod': '1.1.2', 'imblearn': '0.11.0', 'category_encoders': '2.6.3', 'lightgbm': '4.1.0', 'numba': '0.58.1', 'requests': '2.31.0', 'matplotlib': '3.6.0', 'scikitplot': '0.3.7', 'yellowbrick': '1.5', 'plotly': '5.18.0', 'plotly-resampler': 'Not installed', 'kaleido': '0.2.1', 'schemdraw': '0.15', 'statsmodels': '0.14.0', 'sktime': '0.21.1', 'tbats': '1.1.3', 'pmdarima': '2.0.4', 'psutil': '5.9.5', 'markupsafe': '2.1.3', 'pickle5': 'Not installed', 'cloudpickle': '3.0.0', 'deprecation': '2.1.0', 'xxhash': '3.4.1', 'wurlitzer': 'Not installed'}, 'python': {'version': '3.9.18', 'machine': 'AMD64'}}
pickle: {'deps_info': {'pip': '23.3', 'setuptools': '68.0.0', 'pycaret': '3.2.0', 'IPython': '8.12.2', 'ipywidgets': '8.1.1', 'tqdm': '4.66.1', 'numpy': '1.24.4', 'pandas': '1.5.3', 'jinja2': '3.1.2', 'scipy': '1.10.1', 'joblib': '1.3.2', 'sklearn': '1.2.0', 'pyod': '1.1.2', 'imblearn': '0.11.0', 'category_encoders': '2.6.3', 'lightgbm': '4.1.0', 'numba': '0.58.1', 'requests': '2.31.0', 'matplotlib': '3.6.0', 'scikitplot': '0.3.7', 'yellowbrick': '1.5', 'plotly': '5.18.0', 'plotly-resampler': 'Not installed', 'kaleido': '0.2.1', 'schemdraw': '0.15', 'statsmodels': '0.14.0', 'sktime': '0.21.1', 'tbats': '1.1.3', 'pmdarima': '2.0.4', 'psutil': '5.9.0', 'markupsafe': '2.1.3', 'pickle5': 'Not installed', 'cloudpickle': '3.0.0', 'deprecation': '2.1.0', 'xxhash': '3.4.1', 'wurlitzer': '3.0.3'}, 'python': {'version': '3.8.18', 'machine': 'x86_64'}}
  warnings.warn(

2024-01-16 12:49:39,349:WARNING:C:\Users\nahyu\anaconda3\envs\daesang\lib\site-packages\sklearn\base.py:318: UserWarning: Trying to unpickle estimator SimpleImputer from version 1.2.0 when using version 1.2.2. This might lead to breaking code or invalid results. Use at your own risk. For more info please refer to:
https://scikit-learn.org/stable/model_persistence.html#security-maintainability-limitations
  warnings.warn(

2024-01-16 12:49:39,349:WARNING:C:\Users\nahyu\anaconda3\envs\daesang\lib\site-packages\sklearn\base.py:318: UserWarning: Trying to unpickle estimator DummyRegressor from version 1.2.0 when using version 1.2.2. This might lead to breaking code or invalid results. Use at your own risk. For more info please refer to:
https://scikit-learn.org/stable/model_persistence.html#security-maintainability-limitations
  warnings.warn(

2024-01-16 12:49:39,350:WARNING:C:\Users\nahyu\anaconda3\envs\daesang\lib\site-packages\sklearn\base.py:318: UserWarning: Trying to unpickle estimator DecisionTreeRegressor from version 1.2.0 when using version 1.2.2. This might lead to breaking code or invalid results. Use at your own risk. For more info please refer to:
https://scikit-learn.org/stable/model_persistence.html#security-maintainability-limitations
  warnings.warn(

2024-01-16 12:49:39,371:WARNING:C:\Users\nahyu\anaconda3\envs\daesang\lib\site-packages\sklearn\base.py:318: UserWarning: Trying to unpickle estimator GradientBoostingRegressor from version 1.2.0 when using version 1.2.2. This might lead to breaking code or invalid results. Use at your own risk. For more info please refer to:
https://scikit-learn.org/stable/model_persistence.html#security-maintainability-limitations
  warnings.warn(

2024-01-16 12:49:39,372:WARNING:C:\Users\nahyu\anaconda3\envs\daesang\lib\site-packages\pycaret\internal\pipeline.py:145: UserWarning: Version mismatch:
current: {'deps_info': {'pip': '23.3.1', 'setuptools': '68.2.2', 'pycaret': '3.2.0', 'IPython': '8.18.0', 'ipywidgets': '8.1.1', 'tqdm': '4.66.1', 'numpy': '1.25.2', 'pandas': '1.5.3', 'jinja2': '3.1.2', 'scipy': '1.10.1', 'joblib': '1.3.2', 'sklearn': '1.2.2', 'pyod': '1.1.2', 'imblearn': '0.11.0', 'category_encoders': '2.6.3', 'lightgbm': '4.1.0', 'numba': '0.58.1', 'requests': '2.31.0', 'matplotlib': '3.6.0', 'scikitplot': '0.3.7', 'yellowbrick': '1.5', 'plotly': '5.18.0', 'plotly-resampler': 'Not installed', 'kaleido': '0.2.1', 'schemdraw': '0.15', 'statsmodels': '0.14.0', 'sktime': '0.21.1', 'tbats': '1.1.3', 'pmdarima': '2.0.4', 'psutil': '5.9.5', 'markupsafe': '2.1.3', 'pickle5': 'Not installed', 'cloudpickle': '3.0.0', 'deprecation': '2.1.0', 'xxhash': '3.4.1', 'wurlitzer': 'Not installed'}, 'python': {'version': '3.9.18', 'machine': 'AMD64'}}
pickle: {'deps_info': {'pip': '23.3', 'setuptools': '68.0.0', 'pycaret': '3.2.0', 'IPython': '8.12.2', 'ipywidgets': '8.1.1', 'tqdm': '4.66.1', 'numpy': '1.24.4', 'pandas': '1.5.3', 'jinja2': '3.1.2', 'scipy': '1.10.1', 'joblib': '1.3.2', 'sklearn': '1.2.0', 'pyod': '1.1.2', 'imblearn': '0.11.0', 'category_encoders': '2.6.3', 'lightgbm': '4.1.0', 'numba': '0.58.1', 'requests': '2.31.0', 'matplotlib': '3.6.0', 'scikitplot': '0.3.7', 'yellowbrick': '1.5', 'plotly': '5.18.0', 'plotly-resampler': 'Not installed', 'kaleido': '0.2.1', 'schemdraw': '0.15', 'statsmodels': '0.14.0', 'sktime': '0.21.1', 'tbats': '1.1.3', 'pmdarima': '2.0.4', 'psutil': '5.9.0', 'markupsafe': '2.1.3', 'pickle5': 'Not installed', 'cloudpickle': '3.0.0', 'deprecation': '2.1.0', 'xxhash': '3.4.1', 'wurlitzer': '3.0.3'}, 'python': {'version': '3.8.18', 'machine': 'x86_64'}}
  warnings.warn(

2024-01-16 12:49:39,377:WARNING:C:\Users\nahyu\anaconda3\envs\daesang\lib\site-packages\sklearn\base.py:318: UserWarning: Trying to unpickle estimator SimpleImputer from version 1.2.0 when using version 1.2.2. This might lead to breaking code or invalid results. Use at your own risk. For more info please refer to:
https://scikit-learn.org/stable/model_persistence.html#security-maintainability-limitations
  warnings.warn(

2024-01-16 12:49:39,377:WARNING:C:\Users\nahyu\anaconda3\envs\daesang\lib\site-packages\sklearn\base.py:318: UserWarning: Trying to unpickle estimator DummyRegressor from version 1.2.0 when using version 1.2.2. This might lead to breaking code or invalid results. Use at your own risk. For more info please refer to:
https://scikit-learn.org/stable/model_persistence.html#security-maintainability-limitations
  warnings.warn(

2024-01-16 12:49:39,378:WARNING:C:\Users\nahyu\anaconda3\envs\daesang\lib\site-packages\sklearn\base.py:318: UserWarning: Trying to unpickle estimator DecisionTreeRegressor from version 1.2.0 when using version 1.2.2. This might lead to breaking code or invalid results. Use at your own risk. For more info please refer to:
https://scikit-learn.org/stable/model_persistence.html#security-maintainability-limitations
  warnings.warn(

2024-01-16 12:49:39,399:WARNING:C:\Users\nahyu\anaconda3\envs\daesang\lib\site-packages\sklearn\base.py:318: UserWarning: Trying to unpickle estimator GradientBoostingRegressor from version 1.2.0 when using version 1.2.2. This might lead to breaking code or invalid results. Use at your own risk. For more info please refer to:
https://scikit-learn.org/stable/model_persistence.html#security-maintainability-limitations
  warnings.warn(

2024-01-16 12:49:39,399:WARNING:C:\Users\nahyu\anaconda3\envs\daesang\lib\site-packages\pycaret\internal\pipeline.py:145: UserWarning: Version mismatch:
current: {'deps_info': {'pip': '23.3.1', 'setuptools': '68.2.2', 'pycaret': '3.2.0', 'IPython': '8.18.0', 'ipywidgets': '8.1.1', 'tqdm': '4.66.1', 'numpy': '1.25.2', 'pandas': '1.5.3', 'jinja2': '3.1.2', 'scipy': '1.10.1', 'joblib': '1.3.2', 'sklearn': '1.2.2', 'pyod': '1.1.2', 'imblearn': '0.11.0', 'category_encoders': '2.6.3', 'lightgbm': '4.1.0', 'numba': '0.58.1', 'requests': '2.31.0', 'matplotlib': '3.6.0', 'scikitplot': '0.3.7', 'yellowbrick': '1.5', 'plotly': '5.18.0', 'plotly-resampler': 'Not installed', 'kaleido': '0.2.1', 'schemdraw': '0.15', 'statsmodels': '0.14.0', 'sktime': '0.21.1', 'tbats': '1.1.3', 'pmdarima': '2.0.4', 'psutil': '5.9.5', 'markupsafe': '2.1.3', 'pickle5': 'Not installed', 'cloudpickle': '3.0.0', 'deprecation': '2.1.0', 'xxhash': '3.4.1', 'wurlitzer': 'Not installed'}, 'python': {'version': '3.9.18', 'machine': 'AMD64'}}
pickle: {'deps_info': {'pip': '23.3', 'setuptools': '68.0.0', 'pycaret': '3.2.0', 'IPython': '8.12.2', 'ipywidgets': '8.1.1', 'tqdm': '4.66.1', 'numpy': '1.24.4', 'pandas': '1.5.3', 'jinja2': '3.1.2', 'scipy': '1.10.1', 'joblib': '1.3.2', 'sklearn': '1.2.0', 'pyod': '1.1.2', 'imblearn': '0.11.0', 'category_encoders': '2.6.3', 'lightgbm': '4.1.0', 'numba': '0.58.1', 'requests': '2.31.0', 'matplotlib': '3.6.0', 'scikitplot': '0.3.7', 'yellowbrick': '1.5', 'plotly': '5.18.0', 'plotly-resampler': 'Not installed', 'kaleido': '0.2.1', 'schemdraw': '0.15', 'statsmodels': '0.14.0', 'sktime': '0.21.1', 'tbats': '1.1.3', 'pmdarima': '2.0.4', 'psutil': '5.9.0', 'markupsafe': '2.1.3', 'pickle5': 'Not installed', 'cloudpickle': '3.0.0', 'deprecation': '2.1.0', 'xxhash': '3.4.1', 'wurlitzer': '3.0.3'}, 'python': {'version': '3.8.18', 'machine': 'x86_64'}}
  warnings.warn(

